mode: atomic
github.com/Andreffelipe/carbon_offsets_api/config/config.go:18.57,24.16 4 0
github.com/Andreffelipe/carbon_offsets_api/config/config.go:24.16,26.3 1 0
github.com/Andreffelipe/carbon_offsets_api/config/config.go:28.2,29.8 2 0
github.com/Andreffelipe/carbon_offsets_api/cmd/main.go:19.13,28.16 3 0
github.com/Andreffelipe/carbon_offsets_api/cmd/main.go:28.16,31.3 2 0
github.com/Andreffelipe/carbon_offsets_api/cmd/main.go:33.2,35.16 3 0
github.com/Andreffelipe/carbon_offsets_api/cmd/main.go:35.16,37.3 1 0
github.com/Andreffelipe/carbon_offsets_api/cmd/main.go:39.2,56.45 13 0
github.com/Andreffelipe/carbon_offsets_api/cmd/main.go:56.45,60.3 1 0
github.com/Andreffelipe/carbon_offsets_api/cmd/main.go:61.2,69.57 8 0
github.com/Andreffelipe/carbon_offsets_api/cmd/main.go:69.57,71.3 1 0
github.com/Andreffelipe/carbon_offsets_api/cmd/main.go:74.96,79.12 3 0
github.com/Andreffelipe/carbon_offsets_api/cmd/main.go:79.12,80.23 1 0
github.com/Andreffelipe/carbon_offsets_api/cmd/main.go:80.23,82.11 2 0
github.com/Andreffelipe/carbon_offsets_api/cmd/main.go:82.11,83.13 1 0
github.com/Andreffelipe/carbon_offsets_api/cmd/main.go:86.4,86.79 1 0
github.com/Andreffelipe/carbon_offsets_api/internal/infra/database/database.go:12.46,21.16 3 0
github.com/Andreffelipe/carbon_offsets_api/internal/infra/database/database.go:21.16,23.3 1 0
github.com/Andreffelipe/carbon_offsets_api/internal/infra/database/database.go:24.2,25.11 2 0
github.com/Andreffelipe/carbon_offsets_api/internal/infra/eventbus/event_bus.go:23.30,27.2 1 0
github.com/Andreffelipe/carbon_offsets_api/internal/infra/eventbus/event_bus.go:29.79,32.2 2 0
github.com/Andreffelipe/carbon_offsets_api/internal/infra/eventbus/event_bus.go:34.41,36.40 2 0
github.com/Andreffelipe/carbon_offsets_api/internal/infra/eventbus/event_bus.go:36.40,38.3 1 0
github.com/Andreffelipe/carbon_offsets_api/internal/infra/http/http.go:12.90,13.30 1 0
github.com/Andreffelipe/carbon_offsets_api/internal/infra/http/http.go:13.30,21.17 4 0
github.com/Andreffelipe/carbon_offsets_api/internal/infra/http/http.go:21.17,24.4 2 0
github.com/Andreffelipe/carbon_offsets_api/internal/infra/http/http.go:25.3,31.17 3 0
github.com/Andreffelipe/carbon_offsets_api/internal/infra/http/http.go:31.17,34.4 2 0
github.com/Andreffelipe/carbon_offsets_api/internal/infra/http/http.go:35.3,35.65 1 0
github.com/Andreffelipe/carbon_offsets_api/internal/infra/http/http.go:39.86,40.30 1 0
github.com/Andreffelipe/carbon_offsets_api/internal/infra/http/http.go:40.30,48.17 4 0
github.com/Andreffelipe/carbon_offsets_api/internal/infra/http/http.go:48.17,51.4 2 0
github.com/Andreffelipe/carbon_offsets_api/internal/infra/http/http.go:52.3,59.17 4 0
github.com/Andreffelipe/carbon_offsets_api/internal/infra/http/http.go:59.17,62.4 2 0
github.com/Andreffelipe/carbon_offsets_api/internal/infra/http/http.go:63.3,64.17 2 0
github.com/Andreffelipe/carbon_offsets_api/internal/infra/http/http.go:64.17,67.4 2 0
github.com/Andreffelipe/carbon_offsets_api/internal/infra/http/http.go:68.3,68.63 1 0
github.com/Andreffelipe/carbon_offsets_api/internal/infra/http/http.go:72.78,73.30 1 0
github.com/Andreffelipe/carbon_offsets_api/internal/infra/http/http.go:73.30,77.17 4 0
github.com/Andreffelipe/carbon_offsets_api/internal/infra/http/http.go:77.17,80.4 2 0
github.com/Andreffelipe/carbon_offsets_api/internal/infra/http/http.go:81.3,82.17 2 0
github.com/Andreffelipe/carbon_offsets_api/internal/infra/http/http.go:82.17,85.4 2 0
github.com/Andreffelipe/carbon_offsets_api/internal/infra/http/http.go:86.3,86.32 1 0
github.com/Andreffelipe/carbon_offsets_api/internal/infra/http/http.go:90.62,91.30 1 0
github.com/Andreffelipe/carbon_offsets_api/internal/infra/http/http.go:91.30,94.17 3 0
github.com/Andreffelipe/carbon_offsets_api/internal/infra/http/http.go:94.17,97.4 2 0
github.com/Andreffelipe/carbon_offsets_api/internal/infra/http/http.go:98.3,98.32 1 0
github.com/Andreffelipe/carbon_offsets_api/internal/infra/http/http.go:102.74,103.30 1 0
github.com/Andreffelipe/carbon_offsets_api/internal/infra/http/http.go:103.30,106.17 3 0
github.com/Andreffelipe/carbon_offsets_api/internal/infra/http/http.go:106.17,109.4 2 0
github.com/Andreffelipe/carbon_offsets_api/internal/infra/http/http.go:110.3,110.100 1 0
github.com/Andreffelipe/carbon_offsets_api/internal/infra/http/http.go:114.70,115.30 1 0
github.com/Andreffelipe/carbon_offsets_api/internal/infra/http/http.go:115.30,119.17 4 0
github.com/Andreffelipe/carbon_offsets_api/internal/infra/http/http.go:119.17,122.4 2 0
github.com/Andreffelipe/carbon_offsets_api/internal/infra/http/http.go:123.3,125.17 3 0
github.com/Andreffelipe/carbon_offsets_api/internal/infra/http/http.go:125.17,128.4 2 0
github.com/Andreffelipe/carbon_offsets_api/internal/infra/http/http.go:129.3,130.17 2 0
github.com/Andreffelipe/carbon_offsets_api/internal/infra/http/http.go:130.17,133.4 2 0
github.com/Andreffelipe/carbon_offsets_api/internal/infra/http/http.go:134.3,134.32 1 0
github.com/Andreffelipe/carbon_offsets_api/internal/infra/logger/logger.go:46.48,52.16 3 0
github.com/Andreffelipe/carbon_offsets_api/internal/infra/logger/logger.go:52.16,55.3 1 0
github.com/Andreffelipe/carbon_offsets_api/internal/infra/logger/logger.go:56.2,61.42 3 0
github.com/Andreffelipe/carbon_offsets_api/internal/infra/logger/logger.go:61.42,62.15 1 0
github.com/Andreffelipe/carbon_offsets_api/internal/infra/logger/logger.go:63.17,64.26 1 0
github.com/Andreffelipe/carbon_offsets_api/internal/infra/logger/logger.go:64.26,66.5 1 0
github.com/Andreffelipe/carbon_offsets_api/internal/infra/logger/logger.go:66.10,68.5 1 0
github.com/Andreffelipe/carbon_offsets_api/internal/infra/logger/logger.go:69.17,70.26 1 0
github.com/Andreffelipe/carbon_offsets_api/internal/infra/logger/logger.go:70.26,72.5 1 0
github.com/Andreffelipe/carbon_offsets_api/internal/infra/logger/logger.go:72.10,74.5 1 0
github.com/Andreffelipe/carbon_offsets_api/internal/infra/logger/logger.go:75.11,78.18 2 0
github.com/Andreffelipe/carbon_offsets_api/internal/infra/logger/logger.go:78.18,80.5 1 0
github.com/Andreffelipe/carbon_offsets_api/internal/infra/logger/logger.go:81.4,81.35 1 0
github.com/Andreffelipe/carbon_offsets_api/internal/infra/logger/logger.go:86.2,86.23 1 0
github.com/Andreffelipe/carbon_offsets_api/internal/infra/logger/logger.go:86.23,87.25 1 0
github.com/Andreffelipe/carbon_offsets_api/internal/infra/logger/logger.go:87.25,89.4 1 0
github.com/Andreffelipe/carbon_offsets_api/internal/infra/logger/logger.go:89.9,91.4 1 0
github.com/Andreffelipe/carbon_offsets_api/internal/infra/logger/logger.go:95.2,96.23 2 0
github.com/Andreffelipe/carbon_offsets_api/internal/infra/logger/logger.go:96.23,98.3 1 0
github.com/Andreffelipe/carbon_offsets_api/internal/infra/logger/logger.go:98.8,100.3 1 0
github.com/Andreffelipe/carbon_offsets_api/internal/infra/logger/logger.go:103.2,106.23 2 0
github.com/Andreffelipe/carbon_offsets_api/internal/infra/logger/logger.go:106.23,108.3 1 0
github.com/Andreffelipe/carbon_offsets_api/internal/infra/logger/logger.go:110.2,110.31 1 0
github.com/Andreffelipe/carbon_offsets_api/internal/infra/logger/logger.go:114.36,116.2 1 0
github.com/Andreffelipe/carbon_offsets_api/internal/infra/logger/logger.go:119.77,121.27 2 0
github.com/Andreffelipe/carbon_offsets_api/internal/infra/logger/logger.go:121.27,123.3 1 0
github.com/Andreffelipe/carbon_offsets_api/internal/infra/logger/logger.go:124.2,124.16 1 0
github.com/Andreffelipe/carbon_offsets_api/internal/infra/logger/logger.go:128.35,130.2 1 0
github.com/Andreffelipe/carbon_offsets_api/internal/infra/logger/logger.go:133.76,135.27 2 0
github.com/Andreffelipe/carbon_offsets_api/internal/infra/logger/logger.go:135.27,137.3 1 0
github.com/Andreffelipe/carbon_offsets_api/internal/infra/logger/logger.go:138.2,138.16 1 0
github.com/Andreffelipe/carbon_offsets_api/internal/infra/logger/logger.go:142.35,144.2 1 0
github.com/Andreffelipe/carbon_offsets_api/internal/infra/logger/logger.go:147.76,149.27 2 0
github.com/Andreffelipe/carbon_offsets_api/internal/infra/logger/logger.go:149.27,151.3 1 0
github.com/Andreffelipe/carbon_offsets_api/internal/infra/logger/logger.go:152.2,152.16 1 0
github.com/Andreffelipe/carbon_offsets_api/internal/infra/logger/logger.go:156.47,158.2 1 0
github.com/Andreffelipe/carbon_offsets_api/internal/infra/logger/logger.go:161.88,163.27 2 0
github.com/Andreffelipe/carbon_offsets_api/internal/infra/logger/logger.go:163.27,165.3 1 0
github.com/Andreffelipe/carbon_offsets_api/internal/infra/logger/logger.go:166.2,166.16 1 0
github.com/Andreffelipe/carbon_offsets_api/internal/infra/logger/logger.go:170.47,172.2 1 0
github.com/Andreffelipe/carbon_offsets_api/internal/infra/logger/logger.go:175.88,177.27 2 0
github.com/Andreffelipe/carbon_offsets_api/internal/infra/logger/logger.go:177.27,179.3 1 0
github.com/Andreffelipe/carbon_offsets_api/internal/infra/logger/logger.go:180.2,180.16 1 0
github.com/Andreffelipe/carbon_offsets_api/internal/infra/repository/postgresImpl.go:16.64,21.2 1 0
github.com/Andreffelipe/carbon_offsets_api/internal/infra/repository/postgresImpl.go:23.79,33.16 4 0
github.com/Andreffelipe/carbon_offsets_api/internal/infra/repository/postgresImpl.go:33.16,36.3 2 0
github.com/Andreffelipe/carbon_offsets_api/internal/infra/repository/postgresImpl.go:37.2,38.16 2 0
github.com/Andreffelipe/carbon_offsets_api/internal/infra/repository/postgresImpl.go:38.16,41.3 2 0
github.com/Andreffelipe/carbon_offsets_api/internal/infra/repository/postgresImpl.go:42.2,42.12 1 0
github.com/Andreffelipe/carbon_offsets_api/internal/infra/repository/postgresImpl.go:45.88,51.16 4 0
github.com/Andreffelipe/carbon_offsets_api/internal/infra/repository/postgresImpl.go:51.16,54.3 2 0
github.com/Andreffelipe/carbon_offsets_api/internal/infra/repository/postgresImpl.go:55.2,56.16 2 0
github.com/Andreffelipe/carbon_offsets_api/internal/infra/repository/postgresImpl.go:56.16,59.3 2 0
github.com/Andreffelipe/carbon_offsets_api/internal/infra/repository/postgresImpl.go:60.2,61.18 2 0
github.com/Andreffelipe/carbon_offsets_api/internal/infra/repository/postgresImpl.go:61.18,63.17 2 0
github.com/Andreffelipe/carbon_offsets_api/internal/infra/repository/postgresImpl.go:63.17,66.4 2 0
github.com/Andreffelipe/carbon_offsets_api/internal/infra/repository/postgresImpl.go:68.2,68.21 1 0
github.com/Andreffelipe/carbon_offsets_api/internal/infra/repository/postgresImpl.go:71.110,74.16 3 0
github.com/Andreffelipe/carbon_offsets_api/internal/infra/repository/postgresImpl.go:74.16,77.3 2 0
github.com/Andreffelipe/carbon_offsets_api/internal/infra/repository/postgresImpl.go:78.2,79.16 2 0
github.com/Andreffelipe/carbon_offsets_api/internal/infra/repository/postgresImpl.go:79.16,82.3 2 0
github.com/Andreffelipe/carbon_offsets_api/internal/infra/repository/postgresImpl.go:83.2,84.18 2 0
github.com/Andreffelipe/carbon_offsets_api/internal/infra/repository/postgresImpl.go:84.18,86.17 2 0
github.com/Andreffelipe/carbon_offsets_api/internal/infra/repository/postgresImpl.go:86.17,89.4 2 0
github.com/Andreffelipe/carbon_offsets_api/internal/infra/repository/postgresImpl.go:91.2,91.21 1 0
github.com/Andreffelipe/carbon_offsets_api/internal/infra/repository/postgresImpl.go:94.95,97.16 3 0
github.com/Andreffelipe/carbon_offsets_api/internal/infra/repository/postgresImpl.go:97.16,100.3 2 0
github.com/Andreffelipe/carbon_offsets_api/internal/infra/repository/postgresImpl.go:101.2,102.16 2 0
github.com/Andreffelipe/carbon_offsets_api/internal/infra/repository/postgresImpl.go:102.16,105.3 2 0
github.com/Andreffelipe/carbon_offsets_api/internal/infra/repository/postgresImpl.go:106.2,107.18 2 0
github.com/Andreffelipe/carbon_offsets_api/internal/infra/repository/postgresImpl.go:107.18,110.17 3 0
github.com/Andreffelipe/carbon_offsets_api/internal/infra/repository/postgresImpl.go:110.17,113.4 2 0
github.com/Andreffelipe/carbon_offsets_api/internal/infra/repository/postgresImpl.go:114.3,114.36 1 0
github.com/Andreffelipe/carbon_offsets_api/internal/infra/repository/postgresImpl.go:116.2,116.21 1 0
github.com/Andreffelipe/carbon_offsets_api/internal/infra/repository/postgresImpl.go:119.92,122.16 3 0
github.com/Andreffelipe/carbon_offsets_api/internal/infra/repository/postgresImpl.go:122.16,125.3 2 0
github.com/Andreffelipe/carbon_offsets_api/internal/infra/repository/postgresImpl.go:126.2,127.16 2 0
github.com/Andreffelipe/carbon_offsets_api/internal/infra/repository/postgresImpl.go:127.16,130.3 2 0
github.com/Andreffelipe/carbon_offsets_api/internal/infra/repository/postgresImpl.go:131.2,131.12 1 0
github.com/Andreffelipe/carbon_offsets_api/internal/infra/repository/postgresImpl.go:134.81,137.16 3 0
github.com/Andreffelipe/carbon_offsets_api/internal/infra/repository/postgresImpl.go:137.16,140.3 2 0
github.com/Andreffelipe/carbon_offsets_api/internal/infra/repository/postgresImpl.go:141.2,142.16 2 0
github.com/Andreffelipe/carbon_offsets_api/internal/infra/repository/postgresImpl.go:142.16,145.3 2 0
github.com/Andreffelipe/carbon_offsets_api/internal/infra/repository/postgresImpl.go:146.2,146.12 1 0
github.com/Andreffelipe/carbon_offsets_api/internal/infra/repository/postgresImpl.go:149.102,152.16 3 0
github.com/Andreffelipe/carbon_offsets_api/internal/infra/repository/postgresImpl.go:152.16,155.3 2 0
github.com/Andreffelipe/carbon_offsets_api/internal/infra/repository/postgresImpl.go:156.2,157.16 2 0
github.com/Andreffelipe/carbon_offsets_api/internal/infra/repository/postgresImpl.go:157.16,160.3 2 0
github.com/Andreffelipe/carbon_offsets_api/internal/infra/repository/postgresImpl.go:161.2,162.18 2 0
github.com/Andreffelipe/carbon_offsets_api/internal/infra/repository/postgresImpl.go:162.18,165.17 3 0
github.com/Andreffelipe/carbon_offsets_api/internal/infra/repository/postgresImpl.go:165.17,168.4 2 0
github.com/Andreffelipe/carbon_offsets_api/internal/infra/repository/postgresImpl.go:169.3,169.30 1 0
github.com/Andreffelipe/carbon_offsets_api/internal/infra/repository/postgresImpl.go:171.2,171.19 1 0
github.com/Andreffelipe/carbon_offsets_api/internal/infra/repository/postgresImpl.go:174.102,187.16 4 0
github.com/Andreffelipe/carbon_offsets_api/internal/infra/repository/postgresImpl.go:187.16,190.3 2 0
github.com/Andreffelipe/carbon_offsets_api/internal/infra/repository/postgresImpl.go:191.2,192.16 2 0
github.com/Andreffelipe/carbon_offsets_api/internal/infra/repository/postgresImpl.go:192.16,195.3 2 0
github.com/Andreffelipe/carbon_offsets_api/internal/infra/repository/postgresImpl.go:196.2,197.18 2 0
github.com/Andreffelipe/carbon_offsets_api/internal/infra/repository/postgresImpl.go:197.18,199.17 2 0
github.com/Andreffelipe/carbon_offsets_api/internal/infra/repository/postgresImpl.go:199.17,202.4 2 0
github.com/Andreffelipe/carbon_offsets_api/internal/infra/repository/postgresImpl.go:204.2,204.19 1 0
github.com/Andreffelipe/carbon_offsets_api/internal/infra/repository/postgresImpl.go:207.80,214.16 3 0
github.com/Andreffelipe/carbon_offsets_api/internal/infra/repository/postgresImpl.go:214.16,217.3 2 0
github.com/Andreffelipe/carbon_offsets_api/internal/infra/repository/postgresImpl.go:218.2,219.16 2 0
github.com/Andreffelipe/carbon_offsets_api/internal/infra/repository/postgresImpl.go:219.16,222.3 2 0
github.com/Andreffelipe/carbon_offsets_api/internal/infra/repository/postgresImpl.go:223.2,224.18 2 0
github.com/Andreffelipe/carbon_offsets_api/internal/infra/repository/postgresImpl.go:224.18,227.17 3 0
github.com/Andreffelipe/carbon_offsets_api/internal/infra/repository/postgresImpl.go:227.17,230.4 2 0
github.com/Andreffelipe/carbon_offsets_api/internal/infra/repository/postgresImpl.go:231.3,231.30 1 0
github.com/Andreffelipe/carbon_offsets_api/internal/infra/repository/postgresImpl.go:233.2,233.19 1 0
github.com/Andreffelipe/carbon_offsets_api/internal/infra/repository/inmemory/repository_inmemory.go:17.50,21.2 3 0
github.com/Andreffelipe/carbon_offsets_api/internal/infra/repository/inmemory/repository_inmemory.go:23.37,26.2 2 0
github.com/Andreffelipe/carbon_offsets_api/internal/infra/repository/inmemory/repository_inmemory.go:28.85,32.2 3 0
github.com/Andreffelipe/carbon_offsets_api/internal/infra/repository/inmemory/repository_inmemory.go:34.94,35.35 1 0
github.com/Andreffelipe/carbon_offsets_api/internal/infra/repository/inmemory/repository_inmemory.go:35.35,36.28 1 0
github.com/Andreffelipe/carbon_offsets_api/internal/infra/repository/inmemory/repository_inmemory.go:36.28,38.4 1 0
github.com/Andreffelipe/carbon_offsets_api/internal/infra/repository/inmemory/repository_inmemory.go:40.2,40.53 1 0
github.com/Andreffelipe/carbon_offsets_api/internal/infra/repository/inmemory/repository_inmemory.go:43.110,44.35 1 0
github.com/Andreffelipe/carbon_offsets_api/internal/infra/repository/inmemory/repository_inmemory.go:44.35,45.37 1 0
github.com/Andreffelipe/carbon_offsets_api/internal/infra/repository/inmemory/repository_inmemory.go:45.37,47.4 1 0
github.com/Andreffelipe/carbon_offsets_api/internal/infra/repository/inmemory/repository_inmemory.go:49.2,49.40 1 0
github.com/Andreffelipe/carbon_offsets_api/internal/infra/repository/inmemory/repository_inmemory.go:52.101,55.40 3 0
github.com/Andreffelipe/carbon_offsets_api/internal/infra/repository/inmemory/repository_inmemory.go:55.40,56.45 1 0
github.com/Andreffelipe/carbon_offsets_api/internal/infra/repository/inmemory/repository_inmemory.go:56.45,57.53 1 0
github.com/Andreffelipe/carbon_offsets_api/internal/infra/repository/inmemory/repository_inmemory.go:57.53,59.5 1 0
github.com/Andreffelipe/carbon_offsets_api/internal/infra/repository/inmemory/repository_inmemory.go:62.2,62.30 1 0
github.com/Andreffelipe/carbon_offsets_api/internal/infra/repository/inmemory/repository_inmemory.go:62.30,64.3 1 0
github.com/Andreffelipe/carbon_offsets_api/internal/infra/repository/inmemory/repository_inmemory.go:65.2,65.25 1 0
github.com/Andreffelipe/carbon_offsets_api/internal/infra/repository/inmemory/repository_inmemory.go:68.98,69.35 1 0
github.com/Andreffelipe/carbon_offsets_api/internal/infra/repository/inmemory/repository_inmemory.go:69.35,70.28 1 0
github.com/Andreffelipe/carbon_offsets_api/internal/infra/repository/inmemory/repository_inmemory.go:70.28,73.4 2 0
github.com/Andreffelipe/carbon_offsets_api/internal/infra/repository/inmemory/repository_inmemory.go:75.2,75.35 1 0
github.com/Andreffelipe/carbon_offsets_api/internal/infra/repository/inmemory/repository_inmemory.go:78.87,79.35 1 0
github.com/Andreffelipe/carbon_offsets_api/internal/infra/repository/inmemory/repository_inmemory.go:79.35,80.33 1 0
github.com/Andreffelipe/carbon_offsets_api/internal/infra/repository/inmemory/repository_inmemory.go:80.33,83.4 2 0
github.com/Andreffelipe/carbon_offsets_api/internal/infra/repository/inmemory/repository_inmemory.go:85.2,85.35 1 0
github.com/Andreffelipe/carbon_offsets_api/internal/infra/repository/inmemory/repository_inmemory.go:88.86,90.2 1 0
github.com/Andreffelipe/carbon_offsets_api/internal/infra/repository/inmemory/repository_inmemory.go:92.106,94.31 2 0
github.com/Andreffelipe/carbon_offsets_api/internal/infra/repository/inmemory/repository_inmemory.go:94.31,95.30 1 0
github.com/Andreffelipe/carbon_offsets_api/internal/infra/repository/inmemory/repository_inmemory.go:95.30,97.4 1 0
github.com/Andreffelipe/carbon_offsets_api/internal/infra/repository/inmemory/repository_inmemory.go:99.2,99.19 1 0
github.com/Andreffelipe/carbon_offsets_api/internal/infra/repository/inmemory/repository_inmemory.go:102.108,103.31 1 0
github.com/Andreffelipe/carbon_offsets_api/internal/infra/repository/inmemory/repository_inmemory.go:103.31,104.49 1 0
github.com/Andreffelipe/carbon_offsets_api/internal/infra/repository/inmemory/repository_inmemory.go:104.49,106.4 1 0
github.com/Andreffelipe/carbon_offsets_api/internal/infra/repository/inmemory/repository_inmemory.go:108.2,108.38 1 0
github.com/Andreffelipe/carbon_offsets_api/internal/infra/smtp/smtp.go:26.69,33.2 1 0
github.com/Andreffelipe/carbon_offsets_api/internal/infra/smtp/smtp.go:35.49,43.16 8 0
github.com/Andreffelipe/carbon_offsets_api/internal/infra/smtp/smtp.go:43.16,45.3 1 0
github.com/Andreffelipe/carbon_offsets_api/internal/infra/smtp/smtp.go:46.2,46.12 1 0
github.com/Andreffelipe/carbon_offsets_api/internal/application/usecase/create_author.go:16.99,18.2 1 5
github.com/Andreffelipe/carbon_offsets_api/internal/application/usecase/create_author.go:20.84,22.53 2 9
github.com/Andreffelipe/carbon_offsets_api/internal/application/usecase/create_author.go:22.53,24.3 1 0
github.com/Andreffelipe/carbon_offsets_api/internal/application/usecase/create_author.go:25.2,25.34 1 9
github.com/Andreffelipe/carbon_offsets_api/internal/application/usecase/create_author.go:25.34,27.3 1 0
github.com/Andreffelipe/carbon_offsets_api/internal/application/usecase/create_author.go:28.2,29.16 2 9
github.com/Andreffelipe/carbon_offsets_api/internal/application/usecase/create_author.go:29.16,31.3 1 0
github.com/Andreffelipe/carbon_offsets_api/internal/application/usecase/create_author.go:32.2,33.16 2 9
github.com/Andreffelipe/carbon_offsets_api/internal/application/usecase/create_author.go:33.16,35.3 1 0
github.com/Andreffelipe/carbon_offsets_api/internal/application/usecase/create_author.go:36.2,42.12 2 9
github.com/Andreffelipe/carbon_offsets_api/internal/application/usecase/final_competition.go:19.87,21.2 1 2
github.com/Andreffelipe/carbon_offsets_api/internal/application/usecase/final_competition.go:23.86,25.16 2 2
github.com/Andreffelipe/carbon_offsets_api/internal/application/usecase/final_competition.go:25.16,27.3 1 0
github.com/Andreffelipe/carbon_offsets_api/internal/application/usecase/final_competition.go:53.2,53.40 1 2
github.com/Andreffelipe/carbon_offsets_api/internal/application/usecase/final_competition.go:53.40,68.17 2 5
github.com/Andreffelipe/carbon_offsets_api/internal/application/usecase/final_competition.go:68.17,70.4 1 0
github.com/Andreffelipe/carbon_offsets_api/internal/application/usecase/final_competition.go:72.2,72.53 1 2
github.com/Andreffelipe/carbon_offsets_api/internal/application/usecase/find_user.go:13.58,15.2 1 2
github.com/Andreffelipe/carbon_offsets_api/internal/application/usecase/find_user.go:17.92,19.16 2 2
github.com/Andreffelipe/carbon_offsets_api/internal/application/usecase/find_user.go:19.16,21.3 1 0
github.com/Andreffelipe/carbon_offsets_api/internal/application/usecase/find_user.go:22.2,28.8 1 2
github.com/Andreffelipe/carbon_offsets_api/internal/application/usecase/increase_point.go:16.101,20.2 1 0
github.com/Andreffelipe/carbon_offsets_api/internal/application/usecase/increase_point.go:22.85,27.2 1 2
github.com/Andreffelipe/carbon_offsets_api/internal/application/usecase/increase_point.go:29.86,31.16 2 29
github.com/Andreffelipe/carbon_offsets_api/internal/application/usecase/increase_point.go:31.16,33.3 1 0
github.com/Andreffelipe/carbon_offsets_api/internal/application/usecase/increase_point.go:34.2,36.16 3 29
github.com/Andreffelipe/carbon_offsets_api/internal/application/usecase/increase_point.go:36.16,38.3 1 0
github.com/Andreffelipe/carbon_offsets_api/internal/application/usecase/increase_point.go:39.2,44.16 2 29
github.com/Andreffelipe/carbon_offsets_api/internal/application/usecase/increase_point.go:44.16,46.3 1 0
github.com/Andreffelipe/carbon_offsets_api/internal/application/usecase/increase_point.go:47.2,47.12 1 29
github.com/Andreffelipe/carbon_offsets_api/internal/application/usecase/mock_service.go:13.66,16.2 2 34
github.com/Andreffelipe/carbon_offsets_api/internal/application/usecase/mock_service.go:22.38,24.2 1 3
github.com/Andreffelipe/carbon_offsets_api/internal/application/usecase/mock_service.go:26.92,29.2 2 0
github.com/Andreffelipe/carbon_offsets_api/internal/application/usecase/mock_service.go:31.54,33.2 1 9
github.com/Andreffelipe/carbon_offsets_api/internal/application/usecase/post_create.go:14.58,16.2 1 2
github.com/Andreffelipe/carbon_offsets_api/internal/application/usecase/post_create.go:18.94,25.16 3 3
github.com/Andreffelipe/carbon_offsets_api/internal/application/usecase/post_create.go:25.16,27.3 1 0
github.com/Andreffelipe/carbon_offsets_api/internal/application/usecase/post_create.go:28.2,28.12 1 3
github.com/Andreffelipe/carbon_offsets_api/internal/application/usecase/post_find_all.go:14.54,16.2 1 1
github.com/Andreffelipe/carbon_offsets_api/internal/application/usecase/post_find_all.go:18.76,20.16 2 1
github.com/Andreffelipe/carbon_offsets_api/internal/application/usecase/post_find_all.go:20.16,22.3 1 0
github.com/Andreffelipe/carbon_offsets_api/internal/application/usecase/post_find_all.go:23.2,24.29 2 1
github.com/Andreffelipe/carbon_offsets_api/internal/application/usecase/post_find_all.go:24.29,33.3 1 1
github.com/Andreffelipe/carbon_offsets_api/internal/application/usecase/post_find_all.go:34.2,34.21 1 1
github.com/Andreffelipe/carbon_offsets_api/internal/application/usecase/post_find_by_author.go:13.70,15.2 1 1
github.com/Andreffelipe/carbon_offsets_api/internal/application/usecase/post_find_by_author.go:17.98,19.16 2 1
github.com/Andreffelipe/carbon_offsets_api/internal/application/usecase/post_find_by_author.go:19.16,21.3 1 0
github.com/Andreffelipe/carbon_offsets_api/internal/application/usecase/post_find_by_author.go:22.2,23.29 2 1
github.com/Andreffelipe/carbon_offsets_api/internal/application/usecase/post_find_by_author.go:23.29,29.3 1 2
github.com/Andreffelipe/carbon_offsets_api/internal/application/usecase/post_find_by_author.go:30.2,30.21 1 1
github.com/Andreffelipe/carbon_offsets_api/internal/application/usecase/post_find_by_id.go:16.91,21.2 1 0
github.com/Andreffelipe/carbon_offsets_api/internal/application/usecase/post_find_by_id.go:23.97,25.16 2 0
github.com/Andreffelipe/carbon_offsets_api/internal/application/usecase/post_find_by_id.go:25.16,27.3 1 0
github.com/Andreffelipe/carbon_offsets_api/internal/application/usecase/post_find_by_id.go:28.2,28.30 1 0
github.com/Andreffelipe/carbon_offsets_api/internal/application/usecase/post_find_by_id.go:28.30,30.3 1 0
github.com/Andreffelipe/carbon_offsets_api/internal/application/usecase/post_find_by_id.go:31.2,37.18 2 0
github.com/Andreffelipe/carbon_offsets_api/internal/domain/author.go:32.60,40.27 2 3
github.com/Andreffelipe/carbon_offsets_api/internal/domain/author.go:40.27,42.3 1 1
github.com/Andreffelipe/carbon_offsets_api/internal/domain/author.go:43.2,43.29 1 2
github.com/Andreffelipe/carbon_offsets_api/internal/domain/author.go:43.29,45.3 1 1
github.com/Andreffelipe/carbon_offsets_api/internal/domain/author.go:46.2,46.29 1 1
github.com/Andreffelipe/carbon_offsets_api/internal/domain/author.go:46.29,48.3 1 1
github.com/Andreffelipe/carbon_offsets_api/internal/domain/author.go:49.2,49.21 1 0
github.com/Andreffelipe/carbon_offsets_api/internal/domain/author.go:52.38,53.64 1 3
github.com/Andreffelipe/carbon_offsets_api/internal/domain/author.go:53.64,55.3 1 1
github.com/Andreffelipe/carbon_offsets_api/internal/domain/author.go:56.2,56.14 1 2
github.com/Andreffelipe/carbon_offsets_api/internal/domain/author.go:59.39,62.2 2 2
github.com/Andreffelipe/carbon_offsets_api/internal/domain/author.go:64.39,67.2 2 1
